Arguments: 
  C:\Program Files\nodejs\node.exe C:\Users\sasha\AppData\Local\node\corepack\v1\yarn\1.22.19\bin\yarn.js install

PATH: 
  C:\Ruby33-x64\bin;C:\Ruby31-x64\bin;C:\Python312\Scripts\;C:\Python312\;C:\Program Files\Common Files\Oracle\Java\javapath;C:\Program Files (x86)\Common Files\Oracle\Java\java8path;C:\Program Files (x86)\Common Files\Oracle\Java\javapath;C:\oraclexe\app\oracle\product\11.2.0\server\bin;C:\Program Files\Microsoft\jdk-11.0.16.101-hotspot\bin;C:\Windows\system32;C:\Windows;C:\Windows\System32\Wbem;C:\Windows\System32\WindowsPowerShell\v1.0\;C:\Windows\System32\OpenSSH\;C:\Program Files\Microsoft SQL Server\150\Tools\Binn\;C:\Program Files\Microsoft SQL Server\Client SDK\ODBC\170\Tools\Binn\;C:\Program Files\dotnet\;C:\Program Files (x86)\dotnet\;C:\Program Files\Calibre2\;C:\Program Files (x86)\NVIDIA Corporation\PhysX\Common;C:\Program Files\NVIDIA Corporation\NVIDIA app\NvDLISR;C:\Program Files\Cloudflare\Cloudflare WARP\;C:\Program Files\Docker\Docker\resources\bin;C:\Program Files\Git\cmd;C:\ProgramData\chocolatey\bin;C:\Program Files\nodejs\;C:\Users\sasha\AppData\Local\Microsoft\WindowsApps;C:\Users\sasha\.dotnet\tools;C:\Program Files\JetBrains\IntelliJ IDEA 2020.3.3\bin;C:\Users\sasha\AppData\Local\GitHubDesktop\bin;C:\Users\sasha\AppData\Local\Programs\Microsoft VS Code\bin;C:\Program Files\JetBrains\PhpStorm 2024.1\bin;C:\Program Files\JetBrains\JetBrains Rider 2021.3.4\bin;C:\Program Files\PostgreSQL\17\bin;D:\RubyOnRails;C:\Program Files\heroku\bin;C:\Users\sasha\AppData\Roaming\npm;D:\RubyOnRails\RailsNewPracticeMode\2025_internship_test_AlexPorokhnya\node_modules\.bin

Yarn version: 
  1.22.19

Node version: 
  22.11.0

Platform: 
  win32 x64

Trace: 
  Error: EPERM: operation not permitted, unlink 'D:\RubyOnRails\RailsNewPracticeMode\2025_internship_test_AlexPorokhnya\node_modules\@esbuild\win32-x64\esbuild.exe'

npm manifest: 
  {
    "name": "app",
    "private": true,
    "packageManager": "yarn@1.22.19+sha512.ff4579ab459bb25aa7c0ff75b62acebe576f6084b36aa842971cf250a5d8c6cd3bc9420b22ce63c7f93a0857bc6ef29291db39c3e7a23aab5adfd5a4dd6c5d71",
    "devDependencies": {
      "esbuild": "^0.24.0"
    },
    "scripts": {
      "build": "esbuild app/javascript/*.* --bundle --sourcemap --format=esm --outdir=app/assets/builds --public-path=/assets",
      "build:css:compile": "sass ./app/assets/stylesheets/application.bootstrap.scss:./app/assets/builds/application.css --no-source-map --load-path=node_modules",
      "build:css:prefix": "postcss ./app/assets/builds/application.css --use=autoprefixer --output=./app/assets/builds/application.css",
      "build:css": "yarn build:css:compile && yarn build:css:prefix",
      "watch:css": "nodemon --watch ./app/assets/stylesheets/ --ext scss --exec \"yarn build:css\""
    },
    "dependencies": {
      "@hotwired/stimulus": "^3.2.2",
      "@hotwired/turbo-rails": "^8.0.12",
      "@popperjs/core": "^2.11.8",
      "@rails/ujs": "^7.1.3-4",
      "autoprefixer": "^10.4.20",
      "axios": "^1.7.9",
      "bootstrap": "^5.3.3",
      "bootstrap-icons": "^1.11.3",
      "nodemon": "^3.1.7",
      "postcss": "^8.4.49",
      "postcss-cli": "^11.0.0",
      "react": "^19.0.0",
      "react-dom": "^19.0.0",
      "react-router-dom": "^7.0.2",
      "sass": "^1.32.0"
    },
    "browserslist": [
      "defaults"
    ]
  }

yarn manifest: 
  No manifest

Lockfile: 
  No lockfile
